<?xml version="1.0" encoding="UTF-8"?>
<!-- Generated by org.testng.reporters.JUnitReportReporter -->
<testsuite hostname="DELL-PC" name="Selenium.project.validateNavigationBar" tests="1" failures="0" timestamp="8 Sep 2020 06:02:32 GMT" time="0.186" errors="0">
  <testcase name="validateAppNavBar" time="0.186" classname="Selenium.project.validateNavigationBar"/>
</testsuite> <!-- Selenium.project.validateNavigationBar -->
