<?xml version="1.0" encoding="UTF-8"?>
<!-- Generated by org.testng.reporters.JUnitReportReporter -->
<testsuite hostname="DELL-PC" name="Selenium.project.validateTitle" tests="1" failures="0" timestamp="8 Sep 2020 08:48:52 GMT" time="0.221" errors="0">
  <testcase name="validateAppTitle" time="0.221" classname="Selenium.project.validateTitle"/>
</testsuite> <!-- Selenium.project.validateTitle -->
