<?xml version="1.0" encoding="UTF-8"?>
<!-- Generated by org.testng.reporters.JUnitReportReporter -->
<testsuite hostname="DELL-PC" name="Selenium.project.HomePage" tests="2" failures="0" timestamp="9 Sep 2020 02:51:18 GMT" time="37.664" errors="0">
  <testcase name="basePageNavigation" time="21.217" classname="Selenium.project.HomePage"/>
  <testcase name="basePageNavigation" time="16.447" classname="Selenium.project.HomePage"/>
</testsuite> <!-- Selenium.project.HomePage -->
